<?xml version="1.0" encoding="UTF-8"?>
<testsuite name="cn.shike.app.ReviewActionsTest" tests="2" skipped="0" failures="0" errors="0" timestamp="2026-06-10T04:15:00" hostname="LAPTOP-B84BKQGP" time="0.002">
  <properties/>
  <testcase name="applyReviewedItemSelection_persistsConfirmedItemAndSource" classname="cn.shike.app.ReviewActionsTest" time="0.002"/>
  <testcase name="applyReviewedItemSelection_persistsIgnoredItemAndSource" classname="cn.shike.app.ReviewActionsTest" time="0.0"/>
  <system-out><![CDATA[]]></system-out>
  <system-err><![CDATA[]]></system-err>
</testsuite>
