<?xml version="1.0" encoding="UTF-8"?>
<testsuite name="cn.shike.app.data.InboxEntitiesTest" tests="4" skipped="0" failures="0" errors="0" timestamp="2026-06-09T01:39:40" hostname="LAPTOP-B84BKQGP" time="0.006">
  <properties/>
  <testcase name="shikeItemFromInboxEntity_restoresActionCardShape" classname="cn.shike.app.data.InboxEntitiesTest" time="0.004"/>
  <testcase name="inboxItemEntityFrom_redactsSourceAndRawTextAndKeepsActions" classname="cn.shike.app.data.InboxEntitiesTest" time="0.001"/>
  <testcase name="syntheticInboxSeed_providesFiftySearchableStatusRecords" classname="cn.shike.app.data.InboxEntitiesTest" time="0.001"/>
  <testcase name="captureDraftEntity_keepsOriginalAndThumbnailUrisSeparate" classname="cn.shike.app.data.InboxEntitiesTest" time="0.0"/>
  <system-out><![CDATA[]]></system-out>
  <system-err><![CDATA[]]></system-err>
</testsuite>
