<?xml version="1.0" encoding="UTF-8"?>
<testsuite name="cn.shike.app.CloudEnhancementActionsTest" tests="3" skipped="0" failures="0" errors="0" timestamp="2026-06-09T13:06:56" hostname="LAPTOP-B84BKQGP" time="0.002">
  <properties/>
  <testcase name="cloudEnhancementDisabledFallback_statesBackendIsNotCalled" classname="cn.shike.app.CloudEnhancementActionsTest" time="0.001"/>
  <testcase name="cloudEnhancementDisabledFallback_keepsLocalDraftAndOfflineEntry" classname="cn.shike.app.CloudEnhancementActionsTest" time="0.0"/>
  <testcase name="cloudEnhancementDisabledFallback_keepsTodayActionReady" classname="cn.shike.app.CloudEnhancementActionsTest" time="0.001"/>
  <system-out><![CDATA[]]></system-out>
  <system-err><![CDATA[]]></system-err>
</testsuite>
