<?xml version="1.0" encoding="UTF-8"?>
<testsuite name="cn.shike.app.LocalDataClearActionsTest" tests="4" skipped="0" failures="0" errors="0" timestamp="2026-05-29T04:53:43" hostname="LAPTOP-B84BKQGP" time="0.002">
  <properties/>
  <testcase name="clearedLocalDataState_restoresCloudEnhancementToDefaultEnabled" classname="cn.shike.app.LocalDataClearActionsTest" time="0.001"/>
  <testcase name="clearedLocalDataState_resetsToCourseSampleAndEmptyTodayState" classname="cn.shike.app.LocalDataClearActionsTest" time="0.0"/>
  <testcase name="clearedLocalDataState_explainsSafeRestartPath" classname="cn.shike.app.LocalDataClearActionsTest" time="0.0"/>
  <testcase name="clearedLocalDataState_resetsBackendUrlToDefault" classname="cn.shike.app.LocalDataClearActionsTest" time="0.0"/>
  <system-out><![CDATA[]]></system-out>
  <system-err><![CDATA[]]></system-err>
</testsuite>
