<?xml version="1.0" encoding="UTF-8"?>
<testsuite name="cn.shike.app.ReviewActionsTest" tests="3" skipped="0" failures="0" errors="0" timestamp="2026-06-22T13:38:31" hostname="LAPTOP-B84BKQGP" time="0.003">
  <properties/>
  <testcase name="applyReviewedItemSelection_persistsConfirmedItemAndSource" classname="cn.shike.app.ReviewActionsTest" time="0.001"/>
  <testcase name="applyReviewedItemSelection_persistsIgnoredItemAndSource" classname="cn.shike.app.ReviewActionsTest" time="0.0"/>
  <testcase name="reviewedItemWithPreparationDraft_persistsPreparationAsStructuredEvidence" classname="cn.shike.app.ReviewActionsTest" time="0.002"/>
  <system-out><![CDATA[]]></system-out>
  <system-err><![CDATA[]]></system-err>
</testsuite>
