<?xml version="1.0" encoding="UTF-8"?>
<testsuite name="cn.shike.app.CaptureResultActionsTest" tests="3" skipped="0" failures="0" errors="0" timestamp="2026-06-10T04:15:00" hostname="LAPTOP-B84BKQGP" time="0.014">
  <properties/>
  <testcase name="applyGalleryImageSelection_persistsPendingImageDraftWithoutSampleFields" classname="cn.shike.app.CaptureResultActionsTest" time="0.01"/>
  <testcase name="applyScreenshotCandidateSelection_persistsPendingDraftWithoutSampleFields" classname="cn.shike.app.CaptureResultActionsTest" time="0.003"/>
  <testcase name="applyCameraPreviewSizeSelection_persistsCameraDraftAndSource" classname="cn.shike.app.CaptureResultActionsTest" time="0.0"/>
  <system-out><![CDATA[]]></system-out>
  <system-err><![CDATA[]]></system-err>
</testsuite>
