<?xml version="1.0" encoding="UTF-8"?>
<testsuite name="cn.shike.app.ExecutionResultStateTest" tests="4" skipped="0" failures="0" errors="0" timestamp="2026-06-09T01:39:40" hostname="LAPTOP-B84BKQGP" time="0.029">
  <properties/>
  <testcase name="pendingExecutionResults_startsAllActionsInConfirmationState" classname="cn.shike.app.ExecutionResultStateTest" time="0.027"/>
  <testcase name="executionResultFactories_keepPermissionAndFallbackWording" classname="cn.shike.app.ExecutionResultStateTest" time="0.001"/>
  <testcase name="imageCleanupResults_distinguishSystemConfirmationStates" classname="cn.shike.app.ExecutionResultStateTest" time="0.0"/>
  <testcase name="recordExecutionResult_replacesOnlyMatchingActionAndAppendsLatestResult" classname="cn.shike.app.ExecutionResultStateTest" time="0.001"/>
  <system-out><![CDATA[]]></system-out>
  <system-err><![CDATA[]]></system-err>
</testsuite>
