<?xml version="1.0" encoding="UTF-8"?>
<testsuite name="cn.shike.app.ReminderPermissionFallbackTest" tests="2" skipped="0" failures="0" errors="0" timestamp="2026-06-09T13:06:56" hostname="LAPTOP-B84BKQGP" time="0.0">
  <properties/>
  <testcase name="reminderPermissionFallbackCopyFor_namesPermissionBlockedAndKeepsCard" classname="cn.shike.app.ReminderPermissionFallbackTest" time="0.0"/>
  <testcase name="reminderExecutionResult_usesSharedPermissionFallbackCopy" classname="cn.shike.app.ReminderPermissionFallbackTest" time="0.0"/>
  <system-out><![CDATA[]]></system-out>
  <system-err><![CDATA[]]></system-err>
</testsuite>
