<?xml version="1.0" encoding="UTF-8"?>
<testsuite name="cn.shike.app.CaptureResultActionsTest" tests="3" skipped="0" failures="0" errors="0" timestamp="2026-06-08T13:34:59" hostname="LAPTOP-B84BKQGP" time="0.048">
  <properties/>
  <testcase name="applyGalleryImageSelection_persistsGalleryDraftAndSource" classname="cn.shike.app.CaptureResultActionsTest" time="0.031"/>
  <testcase name="applyScreenshotCandidateSelection_persistsPendingDraftWithoutSampleFields" classname="cn.shike.app.CaptureResultActionsTest" time="0.016"/>
  <testcase name="applyCameraPreviewSizeSelection_persistsCameraDraftAndSource" classname="cn.shike.app.CaptureResultActionsTest" time="0.001"/>
  <system-out><![CDATA[]]></system-out>
  <system-err><![CDATA[]]></system-err>
</testsuite>
