<?xml version="1.0" encoding="UTF-8"?>
<testsuite name="cn.shike.app.data.OcrEngineTest" tests="3" skipped="0" failures="0" errors="0" timestamp="2026-06-22T13:38:31" hostname="LAPTOP-B84BKQGP" time="0.001">
  <properties/>
  <testcase name="mockOcrEngine_keepsImageImportsNeutralUntilBackendAnalysis" classname="cn.shike.app.data.OcrEngineTest" time="0.0"/>
  <testcase name="captureDraftFromInput_recordsOcrMetadataAndPrivacyChoice" classname="cn.shike.app.data.OcrEngineTest" time="0.001"/>
  <testcase name="manualOcrEngine_keepsUserTextAndReportsBlankFailure" classname="cn.shike.app.data.OcrEngineTest" time="0.0"/>
  <system-out><![CDATA[]]></system-out>
  <system-err><![CDATA[]]></system-err>
</testsuite>
