<?xml version="1.0" encoding="UTF-8"?>
<testsuite name="cn.shike.app.BackendOutcomeActionsTest" tests="3" skipped="0" failures="0" errors="0" timestamp="2026-06-09T12:29:49" hostname="LAPTOP-B84BKQGP" time="0.006">
  <properties/>
  <testcase name="applyBackendOutcomeSelection_persistsBackendItemAndSource" classname="cn.shike.app.BackendOutcomeActionsTest" time="0.003"/>
  <testcase name="applyBackendOutcomeSelection_preservesFallbackStatusMessage" classname="cn.shike.app.BackendOutcomeActionsTest" time="0.001"/>
  <testcase name="sanitizeBackendOutcomeCopy_redactsSensitiveTokensAndFallsBackToDefaults" classname="cn.shike.app.BackendOutcomeActionsTest" time="0.002"/>
  <system-out><![CDATA[]]></system-out>
  <system-err><![CDATA[]]></system-err>
</testsuite>
