<?xml version="1.0" encoding="UTF-8"?>
<testsuite name="cn.shike.app.data.CaptureImportMapperTest" tests="4" skipped="0" failures="0" errors="0" timestamp="2026-05-29T04:53:43" hostname="LAPTOP-B84BKQGP" time="0.001">
  <properties/>
  <testcase name="backendSourceTypeFromCaptureSource_mapsAllProductEntrypoints" classname="cn.shike.app.data.CaptureImportMapperTest" time="0.0"/>
  <testcase name="gallerySelectionFromImage_mapsImageLabelToCourseDraft" classname="cn.shike.app.data.CaptureImportMapperTest" time="0.0"/>
  <testcase name="selectionFromCaptureDraft_routesOnlyCameraDraftToEventSample" classname="cn.shike.app.data.CaptureImportMapperTest" time="0.001"/>
  <testcase name="cameraSelectionFromPreview_mapsPreviewToEventDraft" classname="cn.shike.app.data.CaptureImportMapperTest" time="0.0"/>
  <system-out><![CDATA[]]></system-out>
  <system-err><![CDATA[]]></system-err>
</testsuite>
