<?xml version="1.0" encoding="UTF-8"?>
<testsuite name="cn.shike.app.BackendAnalysisRunnerTest" tests="6" skipped="0" failures="0" errors="0" timestamp="2026-06-08T13:34:59" hostname="LAPTOP-B84BKQGP" time="0.103">
  <properties/>
  <testcase name="backendAnalysisInputForCurrentDraft_usesCaptureSourceSpecificBackendType" classname="cn.shike.app.BackendAnalysisRunnerTest" time="0.077"/>
  <testcase name="backendFailureOutcomeForRealMathDraft_doesNotInjectCourseSampleFields" classname="cn.shike.app.BackendAnalysisRunnerTest" time="0.007"/>
  <testcase name="backendFailureOutcome_redactsSensitiveTextAndKeepsFallbackReviewState" classname="cn.shike.app.BackendAnalysisRunnerTest" time="0.009"/>
  <testcase name="backendAnalyzeText_prefersEditedOcrDraftAndFallsBackToSampleRawText" classname="cn.shike.app.BackendAnalysisRunnerTest" time="0.0"/>
  <testcase name="backendFailureFallbackCopyFor_redactsEvidenceBeforeUiPersistence" classname="cn.shike.app.BackendAnalysisRunnerTest" time="0.007"/>
  <testcase name="backendSuccessOutcome_preservesReturnedItemAndBackendSource" classname="cn.shike.app.BackendAnalysisRunnerTest" time="0.0"/>
  <system-out><![CDATA[]]></system-out>
  <system-err><![CDATA[]]></system-err>
</testsuite>
