<?xml version="1.0" encoding="UTF-8"?>
<testsuite name="cn.shike.app.data.LocalPersistenceBoundaryTest" tests="2" skipped="0" failures="0" errors="0" timestamp="2026-06-22T13:38:31" hostname="LAPTOP-B84BKQGP" time="0.002">
  <properties/>
  <testcase name="clearingInboxSnapshot_doesNotEraseBackendOverrideOrReminderPayload" classname="cn.shike.app.data.LocalPersistenceBoundaryTest" time="0.002"/>
  <testcase name="privacyModePreference_persistsCloudImageChoice" classname="cn.shike.app.data.LocalPersistenceBoundaryTest" time="0.0"/>
  <system-out><![CDATA[]]></system-out>
  <system-err><![CDATA[]]></system-err>
</testsuite>
