<?xml version="1.0" encoding="UTF-8"?>
<testsuite name="cn.shike.app.ExecutionResultActionsTest" tests="3" skipped="0" failures="0" errors="0" timestamp="2026-06-23T01:49:06" hostname="LAPTOP-B84BKQGP" time="0.005">
  <properties/>
  <testcase name="runMapExecution_preservesExistingCalendarResult" classname="cn.shike.app.ExecutionResultActionsTest" time="0.001"/>
  <testcase name="runCalendarExecution_recordsPendingSystemSaveBeforeSystemAction" classname="cn.shike.app.ExecutionResultActionsTest" time="0.001"/>
  <testcase name="runReminderExecution_recordsPermissionAwareReminderResult" classname="cn.shike.app.ExecutionResultActionsTest" time="0.003"/>
  <system-out><![CDATA[]]></system-out>
  <system-err><![CDATA[]]></system-err>
</testsuite>
