<?xml version="1.0" encoding="UTF-8"?>
<testsuite name="cn.shike.app.data.InboxEntitiesTest" tests="3" skipped="0" failures="0" errors="0" timestamp="2026-05-29T04:53:43" hostname="LAPTOP-B84BKQGP" time="0.007">
  <properties/>
  <testcase name="shikeItemFromInboxEntity_restoresActionCardShape" classname="cn.shike.app.data.InboxEntitiesTest" time="0.005"/>
  <testcase name="inboxItemEntityFrom_redactsSourceAndRawTextAndKeepsActions" classname="cn.shike.app.data.InboxEntitiesTest" time="0.001"/>
  <testcase name="syntheticInboxSeed_providesFiftySearchableStatusRecords" classname="cn.shike.app.data.InboxEntitiesTest" time="0.001"/>
  <system-out><![CDATA[]]></system-out>
  <system-err><![CDATA[]]></system-err>
</testsuite>
