<?xml version="1.0" encoding="UTF-8"?>
<testsuite name="cn.shike.app.data.InitialSelectionMapperTest" tests="3" skipped="0" failures="0" errors="0" timestamp="2026-05-29T04:53:43" hostname="LAPTOP-B84BKQGP" time="0.002">
  <properties/>
  <testcase name="buildInitialSelection_sharedTextWinsOverSavedSnapshot" classname="cn.shike.app.data.InitialSelectionMapperTest" time="0.001"/>
  <testcase name="buildInitialSelection_noShareNoSavedShowsEmptyState" classname="cn.shike.app.data.InitialSelectionMapperTest" time="0.001"/>
  <testcase name="buildInitialSelection_savedSnapshotRestoresReadyState" classname="cn.shike.app.data.InitialSelectionMapperTest" time="0.0"/>
  <system-out><![CDATA[]]></system-out>
  <system-err><![CDATA[]]></system-err>
</testsuite>
