<?xml version="1.0" encoding="UTF-8"?>
<testsuite name="cn.shike.app.BackendEndpointActionsTest" tests="4" skipped="0" failures="0" errors="0" timestamp="2026-06-22T13:38:31" hostname="LAPTOP-B84BKQGP" time="0.006">
  <properties/>
  <testcase name="saveBackendEndpointAction_addsHttpSchemeAndTrimsSlash" classname="cn.shike.app.BackendEndpointActionsTest" time="0.004"/>
  <testcase name="saveBackendEndpointAction_keepsHttpsEndpoint" classname="cn.shike.app.BackendEndpointActionsTest" time="0.001"/>
  <testcase name="migrateLegacyBackendBaseUrl_replacesOldEmulatorDefaultOnly" classname="cn.shike.app.BackendEndpointActionsTest" time="0.0"/>
  <testcase name="saveBackendEndpointAction_blankInputFallsBackToDefault" classname="cn.shike.app.BackendEndpointActionsTest" time="0.001"/>
  <system-out><![CDATA[]]></system-out>
  <system-err><![CDATA[]]></system-err>
</testsuite>
