<?xml version="1.0" encoding="UTF-8"?>
<testsuite name="cn.shike.app.data.ReviewStatusMapperTest" tests="3" skipped="0" failures="0" errors="0" timestamp="2026-05-29T04:53:43" hostname="LAPTOP-B84BKQGP" time="0.0">
  <properties/>
  <testcase name="mapReviewedItemState_confirmedItemBecomesScheduled" classname="cn.shike.app.data.ReviewStatusMapperTest" time="0.0"/>
  <testcase name="mapReviewedItemState_ignoredItemStaysIgnored" classname="cn.shike.app.data.ReviewStatusMapperTest" time="0.0"/>
  <testcase name="mapReviewedItemState_preservesReviewedFields" classname="cn.shike.app.data.ReviewStatusMapperTest" time="0.0"/>
  <system-out><![CDATA[]]></system-out>
  <system-err><![CDATA[]]></system-err>
</testsuite>
